\\apporto.com\dfs\snhu\users\joshuawozny_snhu\downloads\linkedlist\linkedlist\linkedlist\x64\debug\vc142.pdb
\\apporto.com\dfs\snhu\users\joshuawozny_snhu\downloads\linkedlist\linkedlist\linkedlist\x64\debug\vc142.idb
\\apporto.com\dfs\snhu\users\joshuawozny_snhu\downloads\linkedlist\linkedlist\linkedlist\x64\debug\main.obj
\\apporto.com\dfs\snhu\users\joshuawozny_snhu\downloads\linkedlist\linkedlist\linkedlist\x64\debug\linkedlist.obj
\\apporto.com\dfs\snhu\users\joshuawozny_snhu\downloads\linkedlist\linkedlist\linkedlist\x64\debug\csvparser.obj
\\apporto.com\dfs\snhu\users\joshuawozny_snhu\downloads\linkedlist\linkedlist\linkedlist\x64\debug\bidmanager.obj
\\apporto.com\dfs\snhu\users\joshuawozny_snhu\downloads\linkedlist\linkedlist\linkedlist\x64\debug\bid.obj
\\apporto.com\dfs\snhu\users\joshuawozny_snhu\downloads\linkedlist\linkedlist\x64\debug\linkedlist.ilk
\\apporto.com\dfs\snhu\users\joshuawozny_snhu\downloads\linkedlist\linkedlist\x64\debug\linkedlist.exe
\\apporto.com\dfs\snhu\users\joshuawozny_snhu\downloads\linkedlist\linkedlist\x64\debug\linkedlist.pdb
\\apporto.com\dfs\snhu\users\joshuawozny_snhu\desktop\linkedlist\linkedlist\linkedlist\x64\debug\bid.obj
\\apporto.com\dfs\snhu\users\joshuawozny_snhu\desktop\linkedlist\linkedlist\linkedlist\x64\debug\bidmanager.obj
\\apporto.com\dfs\snhu\users\joshuawozny_snhu\desktop\linkedlist\linkedlist\linkedlist\x64\debug\csvparser.obj
\\apporto.com\dfs\snhu\users\joshuawozny_snhu\desktop\linkedlist\linkedlist\linkedlist\x64\debug\linkedlist.obj
\\apporto.com\dfs\snhu\users\joshuawozny_snhu\desktop\linkedlist\linkedlist\linkedlist\x64\debug\main.obj
\\apporto.com\dfs\snhu\users\joshuawozny_snhu\desktop\linkedlist\linkedlist\linkedlist\x64\debug\vc142.idb
\\apporto.com\dfs\snhu\users\joshuawozny_snhu\desktop\linkedlist\linkedlist\linkedlist\x64\debug\vc142.pdb
\\apporto.com\dfs\snhu\users\joshuawozny_snhu\desktop\linkedlist\linkedlist\x64\debug\linkedlist.pdb
\\apporto.com\dfs\snhu\users\joshuawozny_snhu\desktop\linkedlist\linkedlist\x64\debug\linkedlist.exe
\\apporto.com\dfs\snhu\users\joshuawozny_snhu\desktop\linkedlist\linkedlist\x64\debug\linkedlist.ilk
\\apporto.com\dfs\snhu\users\joshuawozny_snhu\desktop\linkedlist\linkedlist\linkedlist\x64\debug\linkedlist.tlog\cl.command.1.tlog
\\apporto.com\dfs\snhu\users\joshuawozny_snhu\desktop\linkedlist\linkedlist\linkedlist\x64\debug\linkedlist.tlog\cl.read.1.tlog
\\apporto.com\dfs\snhu\users\joshuawozny_snhu\desktop\linkedlist\linkedlist\linkedlist\x64\debug\linkedlist.tlog\cl.write.1.tlog
\\apporto.com\dfs\snhu\users\joshuawozny_snhu\desktop\linkedlist\linkedlist\linkedlist\x64\debug\linkedlist.tlog\link.command.1.tlog
\\apporto.com\dfs\snhu\users\joshuawozny_snhu\desktop\linkedlist\linkedlist\linkedlist\x64\debug\linkedlist.tlog\link.read.1.tlog
\\apporto.com\dfs\snhu\users\joshuawozny_snhu\desktop\linkedlist\linkedlist\linkedlist\x64\debug\linkedlist.tlog\link.write.1.tlog
